<?xml version="1.0" encoding="UTF-8"?>
<testsuite xmlns:xsi="http://www.w3.org/2001/XMLSchema-instance" xsi:noNamespaceSchemaLocation="https://maven.apache.org/surefire/maven-surefire-plugin/xsd/surefire-test-report.xsd" name="com.practice.pairproject.PairprojectApplicationTests" time="7.934" tests="1" errors="0" skipped="0" failures="0">
  <properties>
    <property name="sun.desktop" value="windows"/>
    <property name="awt.toolkit" value="sun.awt.windows.WToolkit"/>
    <property name="java.specification.version" value="12"/>
    <property name="sun.cpu.isalist" value="amd64"/>
    <property name="sun.jnu.encoding" value="GBK"/>
    <property name="java.class.path" value="D:\【Third _Grade_Next】\软工实践\结对\第二次\项目代码\PairProject\291800139&amp;221801431\pairproject\target\test-classes;D:\【Third _Grade_Next】\软工实践\结对\第二次\项目代码\PairProject\291800139&amp;221801431\pairproject\target\classes;G:\.m2\repository\org\springframework\boot\spring-boot-starter-web\2.4.4\spring-boot-starter-web-2.4.4.jar;G:\.m2\repository\org\springframework\boot\spring-boot-starter\2.4.4\spring-boot-starter-2.4.4.jar;G:\.m2\repository\org\springframework\boot\spring-boot-starter-logging\2.4.4\spring-boot-starter-logging-2.4.4.jar;G:\.m2\repository\ch\qos\logback\logback-classic\1.2.3\logback-classic-1.2.3.jar;G:\.m2\repository\ch\qos\logback\logback-core\1.2.3\logback-core-1.2.3.jar;G:\.m2\repository\org\apache\logging\log4j\log4j-to-slf4j\2.13.3\log4j-to-slf4j-2.13.3.jar;G:\.m2\repository\org\apache\logging\log4j\log4j-api\2.13.3\log4j-api-2.13.3.jar;G:\.m2\repository\org\slf4j\jul-to-slf4j\1.7.30\jul-to-slf4j-1.7.30.jar;G:\.m2\repository\jakarta\annotation\jakarta.annotation-api\1.3.5\jakarta.annotation-api-1.3.5.jar;G:\.m2\repository\org\yaml\snakeyaml\1.27\snakeyaml-1.27.jar;G:\.m2\repository\org\springframework\boot\spring-boot-starter-json\2.4.4\spring-boot-starter-json-2.4.4.jar;G:\.m2\repository\com\fasterxml\jackson\datatype\jackson-datatype-jdk8\2.11.4\jackson-datatype-jdk8-2.11.4.jar;G:\.m2\repository\com\fasterxml\jackson\datatype\jackson-datatype-jsr310\2.11.4\jackson-datatype-jsr310-2.11.4.jar;G:\.m2\repository\com\fasterxml\jackson\module\jackson-module-parameter-names\2.11.4\jackson-module-parameter-names-2.11.4.jar;G:\.m2\repository\org\springframework\boot\spring-boot-starter-tomcat\2.4.4\spring-boot-starter-tomcat-2.4.4.jar;G:\.m2\repository\org\apache\tomcat\embed\tomcat-embed-core\9.0.44\tomcat-embed-core-9.0.44.jar;G:\.m2\repository\org\glassfish\jakarta.el\3.0.3\jakarta.el-3.0.3.jar;G:\.m2\repository\org\apache\tomcat\embed\tomcat-embed-websocket\9.0.44\tomcat-embed-websocket-9.0.44.jar;G:\.m2\repository\org\springframework\spring-web\5.3.5\spring-web-5.3.5.jar;G:\.m2\repository\org\springframework\spring-beans\5.3.5\spring-beans-5.3.5.jar;G:\.m2\repository\org\springframework\spring-webmvc\5.3.5\spring-webmvc-5.3.5.jar;G:\.m2\repository\org\springframework\spring-aop\5.3.5\spring-aop-5.3.5.jar;G:\.m2\repository\org\springframework\spring-context\5.3.5\spring-context-5.3.5.jar;G:\.m2\repository\org\springframework\spring-expression\5.3.5\spring-expression-5.3.5.jar;G:\.m2\repository\org\mybatis\spring\boot\mybatis-spring-boot-starter\2.1.4\mybatis-spring-boot-starter-2.1.4.jar;G:\.m2\repository\org\springframework\boot\spring-boot-starter-jdbc\2.4.4\spring-boot-starter-jdbc-2.4.4.jar;G:\.m2\repository\com\zaxxer\HikariCP\3.4.5\HikariCP-3.4.5.jar;G:\.m2\repository\org\springframework\spring-jdbc\5.3.5\spring-jdbc-5.3.5.jar;G:\.m2\repository\org\springframework\spring-tx\5.3.5\spring-tx-5.3.5.jar;G:\.m2\repository\org\mybatis\spring\boot\mybatis-spring-boot-autoconfigure\2.1.4\mybatis-spring-boot-autoconfigure-2.1.4.jar;G:\.m2\repository\org\mybatis\mybatis\3.5.6\mybatis-3.5.6.jar;G:\.m2\repository\org\mybatis\mybatis-spring\2.0.6\mybatis-spring-2.0.6.jar;G:\.m2\repository\mysql\mysql-connector-java\8.0.23\mysql-connector-java-8.0.23.jar;G:\.m2\repository\org\springframework\boot\spring-boot-starter-test\2.4.4\spring-boot-starter-test-2.4.4.jar;G:\.m2\repository\org\springframework\boot\spring-boot-test\2.4.4\spring-boot-test-2.4.4.jar;G:\.m2\repository\org\springframework\boot\spring-boot-test-autoconfigure\2.4.4\spring-boot-test-autoconfigure-2.4.4.jar;G:\.m2\repository\com\jayway\jsonpath\json-path\2.4.0\json-path-2.4.0.jar;G:\.m2\repository\net\minidev\json-smart\2.3\json-smart-2.3.jar;G:\.m2\repository\net\minidev\accessors-smart\1.2\accessors-smart-1.2.jar;G:\.m2\repository\org\ow2\asm\asm\5.0.4\asm-5.0.4.jar;G:\.m2\repository\org\slf4j\slf4j-api\1.7.30\slf4j-api-1.7.30.jar;G:\.m2\repository\jakarta\xml\bind\jakarta.xml.bind-api\2.3.3\jakarta.xml.bind-api-2.3.3.jar;G:\.m2\repository\jakarta\activation\jakarta.activation-api\1.2.2\jakarta.activation-api-1.2.2.jar;G:\.m2\repository\org\assertj\assertj-core\3.18.1\assertj-core-3.18.1.jar;G:\.m2\repository\org\hamcrest\hamcrest\2.2\hamcrest-2.2.jar;G:\.m2\repository\org\junit\jupiter\junit-jupiter\5.7.1\junit-jupiter-5.7.1.jar;G:\.m2\repository\org\junit\jupiter\junit-jupiter-api\5.7.1\junit-jupiter-api-5.7.1.jar;G:\.m2\repository\org\apiguardian\apiguardian-api\1.1.0\apiguardian-api-1.1.0.jar;G:\.m2\repository\org\opentest4j\opentest4j\1.2.0\opentest4j-1.2.0.jar;G:\.m2\repository\org\junit\platform\junit-platform-commons\1.7.1\junit-platform-commons-1.7.1.jar;G:\.m2\repository\org\junit\jupiter\junit-jupiter-params\5.7.1\junit-jupiter-params-5.7.1.jar;G:\.m2\repository\org\junit\jupiter\junit-jupiter-engine\5.7.1\junit-jupiter-engine-5.7.1.jar;G:\.m2\repository\org\junit\platform\junit-platform-engine\1.7.1\junit-platform-engine-1.7.1.jar;G:\.m2\repository\org\mockito\mockito-core\3.6.28\mockito-core-3.6.28.jar;G:\.m2\repository\net\bytebuddy\byte-buddy\1.10.22\byte-buddy-1.10.22.jar;G:\.m2\repository\net\bytebuddy\byte-buddy-agent\1.10.22\byte-buddy-agent-1.10.22.jar;G:\.m2\repository\org\objenesis\objenesis\3.1\objenesis-3.1.jar;G:\.m2\repository\org\mockito\mockito-junit-jupiter\3.6.28\mockito-junit-jupiter-3.6.28.jar;G:\.m2\repository\org\skyscreamer\jsonassert\1.5.0\jsonassert-1.5.0.jar;G:\.m2\repository\com\vaadin\external\google\android-json\0.0.20131108.vaadin1\android-json-0.0.20131108.vaadin1.jar;G:\.m2\repository\org\springframework\spring-core\5.3.5\spring-core-5.3.5.jar;G:\.m2\repository\org\springframework\spring-jcl\5.3.5\spring-jcl-5.3.5.jar;G:\.m2\repository\org\springframework\spring-test\5.3.5\spring-test-5.3.5.jar;G:\.m2\repository\org\xmlunit\xmlunit-core\2.7.0\xmlunit-core-2.7.0.jar;G:\.m2\repository\junit\junit\4.13.2\junit-4.13.2.jar;G:\.m2\repository\org\hamcrest\hamcrest-core\2.2\hamcrest-core-2.2.jar;G:\.m2\repository\org\springframework\boot\spring-boot-devtools\2.4.4\spring-boot-devtools-2.4.4.jar;G:\.m2\repository\org\springframework\boot\spring-boot\2.4.4\spring-boot-2.4.4.jar;G:\.m2\repository\org\springframework\boot\spring-boot-autoconfigure\2.4.4\spring-boot-autoconfigure-2.4.4.jar;G:\.m2\repository\org\projectlombok\lombok\1.18.18\lombok-1.18.18.jar;G:\.m2\repository\com\fasterxml\jackson\core\jackson-databind\2.10.0\jackson-databind-2.10.0.jar;G:\.m2\repository\com\fasterxml\jackson\core\jackson-annotations\2.11.4\jackson-annotations-2.11.4.jar;G:\.m2\repository\com\fasterxml\jackson\core\jackson-core\2.10.0\jackson-core-2.10.0.jar;G:\.m2\repository\com\baomidou\mybatis-plus\2.1.8\mybatis-plus-2.1.8.jar;G:\.m2\repository\com\baomidou\mybatis-plus-support\2.1.8\mybatis-plus-support-2.1.8.jar;G:\.m2\repository\com\baomidou\mybatis-plus-core\2.1.8\mybatis-plus-core-2.1.8.jar;G:\.m2\repository\com\github\jsqlparser\jsqlparser\1.1\jsqlparser-1.1.jar;G:\.m2\repository\com\baomidou\mybatis-plus-generate\2.1.8\mybatis-plus-generate-2.1.8.jar;G:\.m2\repository\org\webjars\bootstrap\4.5.0\bootstrap-4.5.0.jar;G:\.m2\repository\org\webjars\jquery\3.5.1\jquery-3.5.1.jar;G:\.m2\repository\org\webjars\popper.js\1.16.0\popper.js-1.16.0.jar;G:\.m2\repository\org\springframework\boot\spring-boot-starter-thymeleaf\2.4.4\spring-boot-starter-thymeleaf-2.4.4.jar;G:\.m2\repository\org\thymeleaf\thymeleaf-spring5\3.0.12.RELEASE\thymeleaf-spring5-3.0.12.RELEASE.jar;G:\.m2\repository\org\thymeleaf\thymeleaf\3.0.12.RELEASE\thymeleaf-3.0.12.RELEASE.jar;G:\.m2\repository\org\attoparser\attoparser\2.0.5.RELEASE\attoparser-2.0.5.RELEASE.jar;G:\.m2\repository\org\unbescape\unbescape\1.1.6.RELEASE\unbescape-1.1.6.RELEASE.jar;G:\.m2\repository\org\thymeleaf\extras\thymeleaf-extras-java8time\3.0.4.RELEASE\thymeleaf-extras-java8time-3.0.4.RELEASE.jar;"/>
    <property name="java.vm.vendor" value="Oracle Corporation"/>
    <property name="sun.arch.data.model" value="64"/>
    <property name="user.variant" value=""/>
    <property name="java.vendor.url" value="https://java.oracle.com/"/>
    <property name="user.timezone" value="Asia/Shanghai"/>
    <property name="os.name" value="Windows 10"/>
    <property name="java.vm.specification.version" value="12"/>
    <property name="sun.java.launcher" value="SUN_STANDARD"/>
    <property name="user.country" value="CN"/>
    <property name="sun.boot.library.path" value="C:\Program Files\Java\jdk-12.0.1\bin"/>
    <property name="sun.java.command" value="C:\Users\Lenov\AppData\Local\Temp\surefire10365880486276098775\surefirebooter4534754677961357242.jar C:\Users\Lenov\AppData\Local\Temp\surefire10365880486276098775 2021-03-31T13-08-42_400-jvmRun1 surefire12231168774875421642tmp surefire_011132478593216173033tmp"/>
    <property name="jdk.debug" value="release"/>
    <property name="surefire.test.class.path" value="D:\【Third _Grade_Next】\软工实践\结对\第二次\项目代码\PairProject\291800139&amp;221801431\pairproject\target\test-classes;D:\【Third _Grade_Next】\软工实践\结对\第二次\项目代码\PairProject\291800139&amp;221801431\pairproject\target\classes;G:\.m2\repository\org\springframework\boot\spring-boot-starter-web\2.4.4\spring-boot-starter-web-2.4.4.jar;G:\.m2\repository\org\springframework\boot\spring-boot-starter\2.4.4\spring-boot-starter-2.4.4.jar;G:\.m2\repository\org\springframework\boot\spring-boot-starter-logging\2.4.4\spring-boot-starter-logging-2.4.4.jar;G:\.m2\repository\ch\qos\logback\logback-classic\1.2.3\logback-classic-1.2.3.jar;G:\.m2\repository\ch\qos\logback\logback-core\1.2.3\logback-core-1.2.3.jar;G:\.m2\repository\org\apache\logging\log4j\log4j-to-slf4j\2.13.3\log4j-to-slf4j-2.13.3.jar;G:\.m2\repository\org\apache\logging\log4j\log4j-api\2.13.3\log4j-api-2.13.3.jar;G:\.m2\repository\org\slf4j\jul-to-slf4j\1.7.30\jul-to-slf4j-1.7.30.jar;G:\.m2\repository\jakarta\annotation\jakarta.annotation-api\1.3.5\jakarta.annotation-api-1.3.5.jar;G:\.m2\repository\org\yaml\snakeyaml\1.27\snakeyaml-1.27.jar;G:\.m2\repository\org\springframework\boot\spring-boot-starter-json\2.4.4\spring-boot-starter-json-2.4.4.jar;G:\.m2\repository\com\fasterxml\jackson\datatype\jackson-datatype-jdk8\2.11.4\jackson-datatype-jdk8-2.11.4.jar;G:\.m2\repository\com\fasterxml\jackson\datatype\jackson-datatype-jsr310\2.11.4\jackson-datatype-jsr310-2.11.4.jar;G:\.m2\repository\com\fasterxml\jackson\module\jackson-module-parameter-names\2.11.4\jackson-module-parameter-names-2.11.4.jar;G:\.m2\repository\org\springframework\boot\spring-boot-starter-tomcat\2.4.4\spring-boot-starter-tomcat-2.4.4.jar;G:\.m2\repository\org\apache\tomcat\embed\tomcat-embed-core\9.0.44\tomcat-embed-core-9.0.44.jar;G:\.m2\repository\org\glassfish\jakarta.el\3.0.3\jakarta.el-3.0.3.jar;G:\.m2\repository\org\apache\tomcat\embed\tomcat-embed-websocket\9.0.44\tomcat-embed-websocket-9.0.44.jar;G:\.m2\repository\org\springframework\spring-web\5.3.5\spring-web-5.3.5.jar;G:\.m2\repository\org\springframework\spring-beans\5.3.5\spring-beans-5.3.5.jar;G:\.m2\repository\org\springframework\spring-webmvc\5.3.5\spring-webmvc-5.3.5.jar;G:\.m2\repository\org\springframework\spring-aop\5.3.5\spring-aop-5.3.5.jar;G:\.m2\repository\org\springframework\spring-context\5.3.5\spring-context-5.3.5.jar;G:\.m2\repository\org\springframework\spring-expression\5.3.5\spring-expression-5.3.5.jar;G:\.m2\repository\org\mybatis\spring\boot\mybatis-spring-boot-starter\2.1.4\mybatis-spring-boot-starter-2.1.4.jar;G:\.m2\repository\org\springframework\boot\spring-boot-starter-jdbc\2.4.4\spring-boot-starter-jdbc-2.4.4.jar;G:\.m2\repository\com\zaxxer\HikariCP\3.4.5\HikariCP-3.4.5.jar;G:\.m2\repository\org\springframework\spring-jdbc\5.3.5\spring-jdbc-5.3.5.jar;G:\.m2\repository\org\springframework\spring-tx\5.3.5\spring-tx-5.3.5.jar;G:\.m2\repository\org\mybatis\spring\boot\mybatis-spring-boot-autoconfigure\2.1.4\mybatis-spring-boot-autoconfigure-2.1.4.jar;G:\.m2\repository\org\mybatis\mybatis\3.5.6\mybatis-3.5.6.jar;G:\.m2\repository\org\mybatis\mybatis-spring\2.0.6\mybatis-spring-2.0.6.jar;G:\.m2\repository\mysql\mysql-connector-java\8.0.23\mysql-connector-java-8.0.23.jar;G:\.m2\repository\org\springframework\boot\spring-boot-starter-test\2.4.4\spring-boot-starter-test-2.4.4.jar;G:\.m2\repository\org\springframework\boot\spring-boot-test\2.4.4\spring-boot-test-2.4.4.jar;G:\.m2\repository\org\springframework\boot\spring-boot-test-autoconfigure\2.4.4\spring-boot-test-autoconfigure-2.4.4.jar;G:\.m2\repository\com\jayway\jsonpath\json-path\2.4.0\json-path-2.4.0.jar;G:\.m2\repository\net\minidev\json-smart\2.3\json-smart-2.3.jar;G:\.m2\repository\net\minidev\accessors-smart\1.2\accessors-smart-1.2.jar;G:\.m2\repository\org\ow2\asm\asm\5.0.4\asm-5.0.4.jar;G:\.m2\repository\org\slf4j\slf4j-api\1.7.30\slf4j-api-1.7.30.jar;G:\.m2\repository\jakarta\xml\bind\jakarta.xml.bind-api\2.3.3\jakarta.xml.bind-api-2.3.3.jar;G:\.m2\repository\jakarta\activation\jakarta.activation-api\1.2.2\jakarta.activation-api-1.2.2.jar;G:\.m2\repository\org\assertj\assertj-core\3.18.1\assertj-core-3.18.1.jar;G:\.m2\repository\org\hamcrest\hamcrest\2.2\hamcrest-2.2.jar;G:\.m2\repository\org\junit\jupiter\junit-jupiter\5.7.1\junit-jupiter-5.7.1.jar;G:\.m2\repository\org\junit\jupiter\junit-jupiter-api\5.7.1\junit-jupiter-api-5.7.1.jar;G:\.m2\repository\org\apiguardian\apiguardian-api\1.1.0\apiguardian-api-1.1.0.jar;G:\.m2\repository\org\opentest4j\opentest4j\1.2.0\opentest4j-1.2.0.jar;G:\.m2\repository\org\junit\platform\junit-platform-commons\1.7.1\junit-platform-commons-1.7.1.jar;G:\.m2\repository\org\junit\jupiter\junit-jupiter-params\5.7.1\junit-jupiter-params-5.7.1.jar;G:\.m2\repository\org\junit\jupiter\junit-jupiter-engine\5.7.1\junit-jupiter-engine-5.7.1.jar;G:\.m2\repository\org\junit\platform\junit-platform-engine\1.7.1\junit-platform-engine-1.7.1.jar;G:\.m2\repository\org\mockito\mockito-core\3.6.28\mockito-core-3.6.28.jar;G:\.m2\repository\net\bytebuddy\byte-buddy\1.10.22\byte-buddy-1.10.22.jar;G:\.m2\repository\net\bytebuddy\byte-buddy-agent\1.10.22\byte-buddy-agent-1.10.22.jar;G:\.m2\repository\org\objenesis\objenesis\3.1\objenesis-3.1.jar;G:\.m2\repository\org\mockito\mockito-junit-jupiter\3.6.28\mockito-junit-jupiter-3.6.28.jar;G:\.m2\repository\org\skyscreamer\jsonassert\1.5.0\jsonassert-1.5.0.jar;G:\.m2\repository\com\vaadin\external\google\android-json\0.0.20131108.vaadin1\android-json-0.0.20131108.vaadin1.jar;G:\.m2\repository\org\springframework\spring-core\5.3.5\spring-core-5.3.5.jar;G:\.m2\repository\org\springframework\spring-jcl\5.3.5\spring-jcl-5.3.5.jar;G:\.m2\repository\org\springframework\spring-test\5.3.5\spring-test-5.3.5.jar;G:\.m2\repository\org\xmlunit\xmlunit-core\2.7.0\xmlunit-core-2.7.0.jar;G:\.m2\repository\junit\junit\4.13.2\junit-4.13.2.jar;G:\.m2\repository\org\hamcrest\hamcrest-core\2.2\hamcrest-core-2.2.jar;G:\.m2\repository\org\springframework\boot\spring-boot-devtools\2.4.4\spring-boot-devtools-2.4.4.jar;G:\.m2\repository\org\springframework\boot\spring-boot\2.4.4\spring-boot-2.4.4.jar;G:\.m2\repository\org\springframework\boot\spring-boot-autoconfigure\2.4.4\spring-boot-autoconfigure-2.4.4.jar;G:\.m2\repository\org\projectlombok\lombok\1.18.18\lombok-1.18.18.jar;G:\.m2\repository\com\fasterxml\jackson\core\jackson-databind\2.10.0\jackson-databind-2.10.0.jar;G:\.m2\repository\com\fasterxml\jackson\core\jackson-annotations\2.11.4\jackson-annotations-2.11.4.jar;G:\.m2\repository\com\fasterxml\jackson\core\jackson-core\2.10.0\jackson-core-2.10.0.jar;G:\.m2\repository\com\baomidou\mybatis-plus\2.1.8\mybatis-plus-2.1.8.jar;G:\.m2\repository\com\baomidou\mybatis-plus-support\2.1.8\mybatis-plus-support-2.1.8.jar;G:\.m2\repository\com\baomidou\mybatis-plus-core\2.1.8\mybatis-plus-core-2.1.8.jar;G:\.m2\repository\com\github\jsqlparser\jsqlparser\1.1\jsqlparser-1.1.jar;G:\.m2\repository\com\baomidou\mybatis-plus-generate\2.1.8\mybatis-plus-generate-2.1.8.jar;G:\.m2\repository\org\webjars\bootstrap\4.5.0\bootstrap-4.5.0.jar;G:\.m2\repository\org\webjars\jquery\3.5.1\jquery-3.5.1.jar;G:\.m2\repository\org\webjars\popper.js\1.16.0\popper.js-1.16.0.jar;G:\.m2\repository\org\springframework\boot\spring-boot-starter-thymeleaf\2.4.4\spring-boot-starter-thymeleaf-2.4.4.jar;G:\.m2\repository\org\thymeleaf\thymeleaf-spring5\3.0.12.RELEASE\thymeleaf-spring5-3.0.12.RELEASE.jar;G:\.m2\repository\org\thymeleaf\thymeleaf\3.0.12.RELEASE\thymeleaf-3.0.12.RELEASE.jar;G:\.m2\repository\org\attoparser\attoparser\2.0.5.RELEASE\attoparser-2.0.5.RELEASE.jar;G:\.m2\repository\org\unbescape\unbescape\1.1.6.RELEASE\unbescape-1.1.6.RELEASE.jar;G:\.m2\repository\org\thymeleaf\extras\thymeleaf-extras-java8time\3.0.4.RELEASE\thymeleaf-extras-java8time-3.0.4.RELEASE.jar;"/>
    <property name="sun.cpu.endian" value="little"/>
    <property name="user.home" value="C:\Users\Lenov"/>
    <property name="user.language" value="zh"/>
    <property name="java.specification.vendor" value="Oracle Corporation"/>
    <property name="java.version.date" value="2019-04-16"/>
    <property name="java.home" value="C:\Program Files\Java\jdk-12.0.1"/>
    <property name="file.separator" value="\"/>
    <property name="basedir" value="D:\【Third _Grade_Next】\软工实践\结对\第二次\项目代码\PairProject\291800139&amp;221801431\pairproject"/>
    <property name="java.vm.compressedOopsMode" value="Zero based"/>
    <property name="line.separator" value="&#10;"/>
    <property name="java.vm.specification.vendor" value="Oracle Corporation"/>
    <property name="java.specification.name" value="Java Platform API Specification"/>
    <property name="java.awt.graphicsenv" value="sun.awt.Win32GraphicsEnvironment"/>
    <property name="surefire.real.class.path" value="C:\Users\Lenov\AppData\Local\Temp\surefire10365880486276098775\surefirebooter4534754677961357242.jar"/>
    <property name="user.script" value=""/>
    <property name="sun.management.compiler" value="HotSpot 64-Bit Tiered Compilers"/>
    <property name="java.runtime.version" value="12.0.1+12"/>
    <property name="user.name" value="Lenovo"/>
    <property name="path.separator" value=";"/>
    <property name="os.version" value="10.0"/>
    <property name="java.runtime.name" value="Java(TM) SE Runtime Environment"/>
    <property name="file.encoding" value="GBK"/>
    <property name="java.vm.name" value="Java HotSpot(TM) 64-Bit Server VM"/>
    <property name="localRepository" value="G:\.m2\repository"/>
    <property name="java.vendor.url.bug" value="https://bugreport.java.com/bugreport/"/>
    <property name="java.io.tmpdir" value="C:\Users\Lenov\AppData\Local\Temp\"/>
    <property name="java.version" value="12.0.1"/>
    <property name="user.dir" value="D:\【Third _Grade_Next】\软工实践\结对\第二次\项目代码\PairProject\291800139&amp;221801431\pairproject"/>
    <property name="os.arch" value="amd64"/>
    <property name="java.vm.specification.name" value="Java Virtual Machine Specification"/>
    <property name="sun.os.patch.level" value=""/>
    <property name="java.library.path" value="C:\Program Files\Java\jdk-12.0.1\bin;C:\windows\Sun\Java\bin;C:\windows\system32;C:\windows;F:\Program Files (x86)\VMware\VMware Workstation\bin\;C:\Program Files (x86)\Common Files\Intel\Shared Libraries\redist\intel64\compiler;C:\windows\system32;C:\windows;C:\windows\System32\Wbem;C:\windows\System32\WindowsPowerShell\v1.0\;C:\windows\System32\OpenSSH\;C:\Program Files (x86)\NVIDIA Corporation\PhysX\Common;C:\Program Files\NVIDIA Corporation\NVIDIA NvDLISR;C:\Program Files\Java\jdk-12.0.1\bin;C:\Program Files\Java\jdk-12.0.1\jre\bin;C:\Program Files (x86)\MySQL\MySQL Utilities 1.6\;%MYSQL_HOME%\bin;C:\Program Files\MySQL\MySQL Server 5.7\bin;f:\Program Files\Git\cmd;C:\Program Files (x86)\Tesseract-OCR;F:\softwear_2.0\apache-maven-3.6.3-bin\apache-maven-3.6.3\bin;C:\Program Files (x86)\Microsoft SQL Server\150\DTS\Binn\;C:\Program Files\dotnet\;C:\Program Files\Microsoft SQL Server\130\Tools\Binn\;C:\Program Files (x86)\PuTTY\;F:\Program Files\Redis\;C:\Program Files\Microsoft SQL Server\Client SDK\ODBC\170\Tools\Binn\;F:\Program Files (x86)\Nodejs\;C:\Program Files (x86)\Microsoft SQL Server\150\Tools\Binn\;C:\Program Files\Microsoft SQL Server\150\Tools\Binn\;C:\Program Files\Microsoft SQL Server\150\DTS\Binn\;F:\wamp\bin\php\php5.5.12;C:\Users\Lenov\nircmd-x64;F:\wamp\www\yii2\blogDemo1;F:\apache-tomcat-9.0.43-windows-x64\apache-tomcat-9.0.43\bin;C:\Users\Lenov\AppData\Local\Programs\Python\Python39\Scripts\;C:\Users\Lenov\AppData\Local\Programs\Python\Python39\;C:\Ruby26-x64\bin;C:\Program Files\Ruby26-x64\bin;F:\Program Files\Ruby26-x64\bin;C:\Users\Lenov\AppData\Local\Microsoft\WindowsApps;C:\Users\Lenov\Downloads\phantomjs-2.1.1-windows\bin;F:\Program Files\MongoDB\Server\4.2\bin;F:\Microsoft VS Code\bin;C:\Users\Lenov\.dotnet\tools;C:\Users\Lenov\AppData\Roaming\npm;F:\Program Files\JetBrains\PhpStorm 2020.3\bin;;F:\Program Files\JetBrains\PyCharm 2020.3.3\bin;;C:\Users\Lenov\AppData\Local\GitHubDesktop\bin;."/>
    <property name="java.vm.info" value="mixed mode, sharing"/>
    <property name="java.vendor" value="Oracle Corporation"/>
    <property name="java.vm.version" value="12.0.1+12"/>
    <property name="idea.version2019.3" value="true"/>
    <property name="sun.io.unicode.encoding" value="UnicodeLittle"/>
    <property name="maven.repo.local" value="G:\.m2\repository"/>
    <property name="java.class.version" value="56.0"/>
  </properties>
  <testcase name="contextLoads" classname="com.practice.pairproject.PairprojectApplicationTests" time="0.897"/>
</testsuite>